[     643ms] [WARNING] Deprecated API for given entry type. @ https://s1.hdslb.com/bfs/static/shanks/laputa-home/assets/index-646c549f.js:47
[     923ms] [INFO] %c bili-fe-mirror %c v2.1.0  padding: 2px 6px; border-radius: 3px 0 0 3px; color: #fff; background: #FF6699; font-weight: bold; padding: 2px 6px; border-radius: 0 3px 3px 0; color: #fff; background: #FF9999; font-weight: bold; @ https://s1.hdslb.com/bfs/seed/jinkela/short/b-mirror/biliMirror.umd.mini.js:1
[     925ms] [LOG] 白屏检测是否正常 {status: ok, loop: 0, data: Object} @ https://www.bilibili.com/:159
[    5892ms] [ERROR] Failed to load resource: net::ERR_NAME_NOT_RESOLVED @ https://bfs/vc/345b6e0fe3bcce70b4dda85984e6bd2e989ed383.png@1c.webp:0
[    5896ms] [ERROR] Failed to load resource: net::ERR_NAME_NOT_RESOLVED @ https://bfs/vc/7ba90052bb0a7d52ff2e2651c58325176823dab7.png@1c.webp:0
[    5896ms] [ERROR] Failed to load resource: net::ERR_NAME_NOT_RESOLVED @ https://bfs/vc/943d6df51d9698d2bbccfd1420a91e42c0bdb8ce.png@1c.webp:0
[    5896ms] [ERROR] Failed to load resource: net::ERR_NAME_NOT_RESOLVED @ https://bfs/vc/7df8b2e7038b224ce684694d05e55ac537534f97.png@1c.webp:0
[    5897ms] [ERROR] Failed to load resource: net::ERR_NAME_NOT_RESOLVED @ https://bfs/vc/d3a3efde2411a0a79421ca9e7a7fa5ffa6a377e8.png@1c.webp:0
[    5897ms] [ERROR] Failed to load resource: net::ERR_NAME_NOT_RESOLVED @ https://bfs/vc/d6f0810cff9d297fb5de5dcd474b1303cc8efc56.png@1c.webp:0
[   10463ms] [ERROR] Failed to load resource: net::ERR_NAME_NOT_RESOLVED @ https://bfs/vc/aaed1e390b9cd7a7cf04da45cae135856b66df8f.png@1c.webp:0
[   10465ms] [ERROR] Failed to load resource: net::ERR_NAME_NOT_RESOLVED @ https://bfs/vc/b45d1213022a666a43a8a826a05ba449ca14f5ae.png@1c.webp:0
[   10465ms] [ERROR] Failed to load resource: net::ERR_NAME_NOT_RESOLVED @ https://bfs/vc/e3442b0c6d5b098a0577ae9a52fe3f862e253457.png@1c.webp:0
[   10465ms] [ERROR] Failed to load resource: net::ERR_NAME_NOT_RESOLVED @ https://bfs/vc/fe1d49a21d9715906fd580a09f5dab5a4d8762b9.png@1c.webp:0
[   10465ms] [ERROR] Failed to load resource: net::ERR_NAME_NOT_RESOLVED @ https://bfs/vc/2b343db84d1754f9ad69a761d1a0043be367b134.png@1c.webp:0
[   10465ms] [ERROR] Failed to load resource: net::ERR_NAME_NOT_RESOLVED @ https://bfs/vc/3a951ea0bd0b2d1c7972f06fd087efdeef037094.png@1c.webp:0
[   15029ms] [ERROR] Failed to load resource: net::ERR_NAME_NOT_RESOLVED @ https://bfs/vc/9e3cce6670857a16e82e9d8ec4ce5fdf42eee0c7.png@1c.webp:0
[   15031ms] [ERROR] Failed to load resource: net::ERR_NAME_NOT_RESOLVED @ https://bfs/vc/86b62f4fb731a12e50450fe3e42db9b156c868fb.png@1c.webp:0
[   15031ms] [ERROR] Failed to load resource: net::ERR_NAME_NOT_RESOLVED @ https://bfs/vc/16a4c20e2961a5b44ef84d93ddc52c99f7010098.png@1c.webp:0
[   15031ms] [ERROR] Failed to load resource: net::ERR_NAME_NOT_RESOLVED @ https://bfs/vc/ba7e7f012036d1249eca78ae542733e577e4f967.png@1c.webp:0
[   15031ms] [ERROR] Failed to load resource: net::ERR_NAME_NOT_RESOLVED @ https://bfs/vc/047dbf50c727274d4ce3c661da05817849bf9ed5.png@1c.webp:0
[   15031ms] [ERROR] Failed to load resource: net::ERR_NAME_NOT_RESOLVED @ https://bfs/vc/e37c55a1af51dd92494a45beecce6ef2a9b53376.png@1c.webp:0
[   19580ms] [ERROR] Failed to load resource: net::ERR_NAME_NOT_RESOLVED @ https://bfs/vc/ebdf8eb6f2bbcf8f45e77e1b481ef955274451d5.png@1c.webp:0
[   19581ms] [ERROR] Failed to load resource: net::ERR_NAME_NOT_RESOLVED @ https://bfs/vc/297bf9dcb49425d3a82ace6344ee6e5c9ea5f024.png@1c.webp:0
[   19581ms] [ERROR] Failed to load resource: net::ERR_NAME_NOT_RESOLVED @ https://bfs/vc/e1854d407c84a2d3945c9a3be469088ad609f419.png@1c.webp:0
[   19581ms] [ERROR] Failed to load resource: net::ERR_NAME_NOT_RESOLVED @ https://bfs/vc/ad9c11a699e68a8359dff42510f50068ae044245.png@1c.webp:0
[   19581ms] [ERROR] Failed to load resource: net::ERR_NAME_NOT_RESOLVED @ https://bfs/vc/b3a1001bc64e2a14f35fbb47d791993732f67367.png@1c.webp:0
[   19581ms] [ERROR] Failed to load resource: net::ERR_NAME_NOT_RESOLVED @ https://bfs/vc/7d88d35026b2ea610161b96140e5be87c9ccbcad.png@1c.webp:0
[   21861ms] [ERROR] Failed to load resource: net::ERR_NAME_NOT_RESOLVED @ https://bfs/vc/039d4f612147dbc315d4d75f0662c2bd0747559c.png@1c.webp:0
[   21861ms] [ERROR] Failed to load resource: net::ERR_NAME_NOT_RESOLVED @ https://bfs/vc/ff94ad93d5408a0c69d5193857233c42b1b10b41.png@1c.webp:0
[   21861ms] [ERROR] Failed to load resource: net::ERR_NAME_NOT_RESOLVED @ https://bfs/vc/ef3ff7abf1330d4cfb4897390a08ca718c37dc76.png@1c.webp:0
[   21861ms] [ERROR] Failed to load resource: net::ERR_NAME_NOT_RESOLVED @ https://bfs/vc/457ee6eb3e494f6151342e13ff21f4241312f770.png@1c.webp:0
[   21861ms] [ERROR] Failed to load resource: net::ERR_NAME_NOT_RESOLVED @ https://bfs/vc/0099698cfeea68b59a323f7c1248df6a7485a045.png@1c.webp:0
[   21862ms] [ERROR] Failed to load resource: net::ERR_NAME_NOT_RESOLVED @ https://bfs/vc/625a4870c6da681bcecddaeae52f7ce912a38ebd.png@1c.webp:0
[   24137ms] [ERROR] Failed to load resource: net::ERR_NAME_NOT_RESOLVED @ https://bfs/vc/cf47e267578fd0dc1bce63e5f8e204f02537bf25.png@1c.webp:0
[   24138ms] [ERROR] Failed to load resource: net::ERR_NAME_NOT_RESOLVED @ https://bfs/vc/9e02ff62f84d5e53f416620caa18aa3f63a48a4c.png@1c.webp:0
