[     620ms] [LOG] %c
                     //
         \\         //
          \\       //
    ##DDDDDDDDDDDDDDDDDDDDDD##
    ## DDDDDDDDDDDDDDDDDDDD ##   ________   ___   ___        ___   ________   ___   ___        ___
    ## hh                hh ##   |\   __  \ |\  \ |\  \      |\  \ |\   __  \ |\  \ |\  \      |\  \
    ## hh    //    \\    hh ##   \ \  \|\ /_\ \  \\ \  \     \ \  \\ \  \|\ /_\ \  \\ \  \     \ \  \
    ## hh   //      \\   hh ##    \ \   __  \\ \  \\ \  \     \ \  \\ \   __  \\ \  \\ \  \     \ \  \
    ## hh                hh ##     \ \  \|\  \\ \  \\ \  \____ \ \  \\ \  \|\  \\ \  \\ \  \____ \ \  \
    ## hh      wwww      hh ##      \ \_______\\ \__\\ \_______\\ \__\\ \_______\\ \__\\ \_______\\ \__\
    ## hh                hh ##       \|_______| \|__| \|_______| \|__| \|_______| \|__| \|_______| \|__|
    ## MMMMMMMMMMMMMMMMMMMM ##
    ##MMMMMMMMMMMMMMMMMMMMMM##                                          Release undefined@no release yet
         \/            \/                                       Powered by @bilibili/jinkela-core@2.8.14 color:#00a1d6 @ https://s1.hdslb.com/bfs/static/home-v3/home-v3.26817d0148e46206188a9a62df66a4d3a921aec1.js:0
[     765ms] [WARNING] It is recommended that a robustness level be specified. Not specifying the robustness level could result in unexpected behavior. @ https://s1.hdslb.com/bfs/static/player/main/core.f300a47b.js:156
[     858ms] [ERROR] [bili-user] callback error: TypeError: Cannot read properties of undefined (reading 'access_key')
    at p.<anonymous> (https://s1.hdslb.com/bfs/static/home-v3/home-v3.26817d0148e46206188a9a62df66a4d3a921aec1.js:1:28824)
    at Array.<anonymous> (https://s1.hdslb.com/bfs/static/home-v3/1.home-v3.26817d0148e46206188a9a62df66a4d3a921aec1.js:1:9033)
    at p.dispatch (https://s1.hdslb.com/bfs/static/home-v3/1.home-v3.26817d0148e46206188a9a62df66a4d3a921aec1.js:7:1047)
    at p.dispatch (https://s1.hdslb.com/bfs/static/home-v3/1.home-v3.26817d0148e46206188a9a62df66a4d3a921aec1.js:1:6264)
    at s.refreshLoginInfo (https://s1.hdslb.com/bfs/static/home-v3/home-v3.26817d0148e46206188a9a62df66a4d3a921aec1.js:1:196893)
    at A.value (https://s1.hdslb.com/bfs/seed/laputa-header/bili-header.umd.js:25:10867)
    at https://s1.hdslb.com/bfs/seed/laputa-header/bili-header.umd.js:25:11854 @ https://s1.hdslb.com/bfs/seed/laputa-header/bili-header.umd.js:24
[     866ms] [ERROR] [bili-user] callback error: TypeError: Cannot read properties of undefined (reading 'access_key')
    at p.<anonymous> (https://s1.hdslb.com/bfs/static/home-v3/home-v3.26817d0148e46206188a9a62df66a4d3a921aec1.js:1:28824)
    at Array.<anonymous> (https://s1.hdslb.com/bfs/static/home-v3/1.home-v3.26817d0148e46206188a9a62df66a4d3a921aec1.js:1:9033)
    at p.dispatch (https://s1.hdslb.com/bfs/static/home-v3/1.home-v3.26817d0148e46206188a9a62df66a4d3a921aec1.js:7:1047)
    at p.dispatch (https://s1.hdslb.com/bfs/static/home-v3/1.home-v3.26817d0148e46206188a9a62df66a4d3a921aec1.js:1:6264)
    at s.refreshLoginInfo (https://s1.hdslb.com/bfs/static/home-v3/home-v3.26817d0148e46206188a9a62df66a4d3a921aec1.js:1:196893)
    at A.value (https://s1.hdslb.com/bfs/seed/laputa-header/bili-header.umd.js:25:10867)
    at A.value (https://s1.hdslb.com/bfs/seed/laputa-header/bili-header.umd.js:25:11719)
    at A.value (https://s1.hdslb.com/bfs/seed/laputa-header/bili-header.umd.js:25:12234)
    at A.value (https://s1.hdslb.com/bfs/seed/laputa-header/bili-header.umd.js:25:12497)
    at https://s1.hdslb.com/bfs/seed/laputa-header/bili-header.umd.js:30:589654 @ https://s1.hdslb.com/bfs/seed/laputa-header/bili-header.umd.js:24
[     866ms] [ERROR] [bili-user] callback error: TypeError: Cannot read properties of undefined (reading 'access_key')
    at p.<anonymous> (https://s1.hdslb.com/bfs/static/home-v3/home-v3.26817d0148e46206188a9a62df66a4d3a921aec1.js:1:28824)
    at Array.<anonymous> (https://s1.hdslb.com/bfs/static/home-v3/1.home-v3.26817d0148e46206188a9a62df66a4d3a921aec1.js:1:9033)
    at p.dispatch (https://s1.hdslb.com/bfs/static/home-v3/1.home-v3.26817d0148e46206188a9a62df66a4d3a921aec1.js:7:1047)
    at p.dispatch (https://s1.hdslb.com/bfs/static/home-v3/1.home-v3.26817d0148e46206188a9a62df66a4d3a921aec1.js:1:6264)
    at s.refreshLoginInfo (https://s1.hdslb.com/bfs/static/home-v3/home-v3.26817d0148e46206188a9a62df66a4d3a921aec1.js:1:196893)
    at A.value (https://s1.hdslb.com/bfs/seed/laputa-header/bili-header.umd.js:25:10867)
    at A.value (https://s1.hdslb.com/bfs/seed/laputa-header/bili-header.umd.js:25:11719)
    at A.value (https://s1.hdslb.com/bfs/seed/laputa-header/bili-header.umd.js:25:12234)
    at A.value (https://s1.hdslb.com/bfs/seed/laputa-header/bili-header.umd.js:25:12497)
    at https://s1.hdslb.com/bfs/seed/laputa-header/bili-header.umd.js:30:657622 @ https://s1.hdslb.com/bfs/seed/laputa-header/bili-header.umd.js:24
[     867ms] [ERROR] [bili-user] callback error: TypeError: Cannot read properties of undefined (reading 'access_key')
    at p.<anonymous> (https://s1.hdslb.com/bfs/static/home-v3/home-v3.26817d0148e46206188a9a62df66a4d3a921aec1.js:1:28824)
    at Array.<anonymous> (https://s1.hdslb.com/bfs/static/home-v3/1.home-v3.26817d0148e46206188a9a62df66a4d3a921aec1.js:1:9033)
    at p.dispatch (https://s1.hdslb.com/bfs/static/home-v3/1.home-v3.26817d0148e46206188a9a62df66a4d3a921aec1.js:7:1047)
    at p.dispatch (https://s1.hdslb.com/bfs/static/home-v3/1.home-v3.26817d0148e46206188a9a62df66a4d3a921aec1.js:1:6264)
    at s.refreshLoginInfo (https://s1.hdslb.com/bfs/static/home-v3/home-v3.26817d0148e46206188a9a62df66a4d3a921aec1.js:1:196893)
    at A.value (https://s1.hdslb.com/bfs/seed/laputa-header/bili-header.umd.js:25:10867)
    at A.value (https://s1.hdslb.com/bfs/seed/laputa-header/bili-header.umd.js:25:11719)
    at A.value (https://s1.hdslb.com/bfs/seed/laputa-header/bili-header.umd.js:25:12234)
    at A.value (https://s1.hdslb.com/bfs/seed/laputa-header/bili-header.umd.js:25:12497)
    at https://s1.hdslb.com/bfs/seed/laputa-header/bili-header.umd.js:30:661740 @ https://s1.hdslb.com/bfs/seed/laputa-header/bili-header.umd.js:24
[    1448ms] [INFO] %c bili-fe-mirror %c v2.1.0  padding: 2px 6px; border-radius: 3px 0 0 3px; color: #fff; background: #FF6699; font-weight: bold; padding: 2px 6px; border-radius: 0 3px 3px 0; color: #fff; background: #FF9999; font-weight: bold; @ https://s1.hdslb.com/bfs/seed/jinkela/short/b-mirror/biliMirror.umd.mini.js:1
[    1931ms] [WARNING] It is recommended that a robustness level be specified. Not specifying the robustness level could result in unexpected behavior. @ https://s1.hdslb.com/bfs/static/player/main/core.f300a47b.js:156
[    2085ms] [INFO] %c%s line-height: 30px; color: #FF6699 bili-fe-fp: 1.1.4 @ https://s1.hdslb.com/bfs/seed/jinkela/short/user-fingerprint/bili-user-fingerprint.min.js:0
[    4240ms] [WARNING] It is recommended that a robustness level be specified. Not specifying the robustness level could result in unexpected behavior. @ https://s1.hdslb.com/bfs/static/player/main/core.f300a47b.js:94
